[2025-11-22 08:26:29] --- FDM v9.4 (Resonant Inertia) Starting ---
[2025-11-22 08:26:29] Model: (1, 1, 1) | Price: $84,425.65 | FC (T+10): -62.62 | AIC: 1552.9 | Risk: 4.8
[2025-11-22 08:56:30] Model: (1, 1, 1) | Price: $84,581.72 | FC (T+10): -70.52 | AIC: 1552.7 | Risk: 4.5
[2025-11-22 09:26:30] Model: (1, 1, 1) | Price: $84,211.36 | FC (T+10): -6.11 | AIC: 1550.6 | Risk: 4.3
[2025-11-22 09:56:31] Model: (1, 1, 1) | Price: $84,134.00 | FC (T+10): +20.15 | AIC: 1550.7 | Risk: 4.1
[2025-11-22 10:26:31] Model: (1, 1, 1) | Price: $84,072.00 | FC (T+10): +6.96 | AIC: 1549.4 | Risk: 3.9
[2025-11-22 10:56:32] Model: (1, 1, 1) | Price: $83,917.16 | FC (T+10): +66.51 | AIC: 1549.4 | Risk: 3.7
[2025-11-22 11:26:32] Model: (1, 1, 1) | Price: $83,683.99 | FC (T+10): -12.52 | AIC: 1549.7 | Risk: 3.5
[2025-11-22 11:56:33] Model: (1, 1, 1) | Price: $83,657.64 | FC (T+10): +4.20 | AIC: 1549.7 | Risk: 3.3
[2025-11-22 12:26:33] Model: (1, 1, 1) | Price: $84,189.47 | FC (T+10): -42.15 | AIC: 1549.9 | Risk: 3.2
[2025-11-22 12:56:34] Model: (1, 1, 1) | Price: $84,181.28 | FC (T+10): -30.02 | AIC: 1549.9 | Risk: 3.0
[2025-11-22 13:26:34] Model: (1, 1, 1) | Price: $83,654.33 | FC (T+10): +33.98 | AIC: 1550.1 | Risk: 2.8
[2025-11-22 13:56:35] Model: (1, 1, 1) | Price: $83,898.43 | FC (T+10): +17.33 | AIC: 1549.8 | Risk: 2.7
[2025-11-22 14:26:35] Model: (1, 1, 1) | Price: $83,813.80 | FC (T+10): -55.04 | AIC: 1549.9 | Risk: 2.6
[2025-11-22 14:56:36] Model: (1, 1, 1) | Price: $83,942.08 | FC (T+10): -52.22 | AIC: 1549.8 | Risk: 2.4
[2025-11-22 15:26:36] Model: (1, 1, 1) | Price: $84,600.79 | FC (T+10): +9.57 | AIC: 1550.2 | Risk: 2.3
[2025-11-22 15:56:37] Model: (1, 1, 1) | Price: $84,491.67 | FC (T+10): +16.65 | AIC: 1549.8 | Risk: 2.2
[2025-11-22 16:26:37] Model: (1, 1, 1) | Price: $84,483.76 | FC (T+10): -22.05 | AIC: 1543.6 | Risk: 2.1
[2025-11-22 16:56:38] Model: (1, 1, 1) | Price: $84,126.47 | FC (T+10): +27.62 | AIC: 1543.9 | Risk: 2.0
[2025-11-22 17:26:38] Model: (1, 1, 1) | Price: $84,533.22 | FC (T+10): -50.11 | AIC: 1542.2 | Risk: 1.9
[2025-11-22 17:56:39] Model: (1, 1, 1) | Price: $84,736.30 | FC (T+10): -35.73 | AIC: 1542.6 | Risk: 1.8
[2025-11-22 18:26:39] Model: (1, 1, 1) | Price: $84,666.45 | FC (T+10): -13.76 | AIC: 1540.5 | Risk: 1.7
[2025-11-22 18:56:40] Model: (1, 1, 1) | Price: $84,522.74 | FC (T+10): +15.08 | AIC: 1540.6 | Risk: 1.6
[2025-11-22 19:26:40] Model: (1, 1, 1) | Price: $84,568.54 | FC (T+10): -23.99 | AIC: 1540.2 | Risk: 1.5
[2025-11-22 19:56:41] Model: (1, 1, 1) | Price: $84,572.77 | FC (T+10): -19.84 | AIC: 1540.2 | Risk: 1.5
[2025-11-22 20:26:41] Model: (1, 1, 1) | Price: $84,628.03 | FC (T+10): -64.54 | AIC: 1540.2 | Risk: 1.4
[2025-11-22 20:56:42] Model: (1, 1, 1) | Price: $84,666.73 | FC (T+10): -63.70 | AIC: 1540.2 | Risk: 1.3
[2025-11-22 21:26:42] Model: (1, 1, 1) | Price: $84,739.47 | FC (T+10): -75.97 | AIC: 1539.3 | Risk: 1.3
[2025-11-22 21:56:43] Model: (1, 1, 1) | Price: $84,316.34 | FC (T+10): -0.99 | AIC: 1539.5 | Risk: 1.2
[2025-11-22 22:26:43] Model: (1, 1, 1) | Price: $84,319.94 | FC (T+10): -81.21 | AIC: 1536.9 | Risk: 1.1
[2025-11-22 22:56:44] Model: (1, 1, 1) | Price: $84,403.51 | FC (T+10): -88.53 | AIC: 1536.8 | Risk: 1.1
[2025-11-22 23:26:44] Model: (1, 1, 1) | Price: $84,619.04 | FC (T+10): -38.38 | AIC: 1538.5 | Risk: 1.0
[2025-11-22 23:56:45] Model: (1, 1, 1) | Price: $85,120.01 | FC (T+10): +57.72 | AIC: 1540.8 | Risk: 1.0
[2025-11-23 00:26:45] Model: (1, 1, 1) | Price: $84,878.33 | FC (T+10): +122.47 | AIC: 1538.4 | Risk: 1.0
[2025-11-23 00:56:46] Model: (1, 1, 1) | Price: $84,722.51 | FC (T+10): +165.84 | AIC: 1538.4 | Risk: 1.0
[2025-11-23 01:26:46] Model: (1, 1, 1) | Price: $85,213.77 | FC (T+10): -11.48 | AIC: 1538.0 | Risk: 1.0
[2025-11-23 01:56:47] Model: (1, 1, 1) | Price: $84,919.82 | FC (T+10): +1.96 | AIC: 1537.5 | Risk: 1.0
[2025-11-23 02:26:48] Model: (1, 1, 1) | Price: $85,465.22 | FC (T+10): -20.79 | AIC: 1538.4 | Risk: 1.0
[2025-11-23 02:56:48] Model: (1, 1, 1) | Price: $85,902.01 | FC (T+10): +58.82 | AIC: 1540.9 | Risk: 1.0
[2025-11-23 03:26:49] Model: (1, 1, 1) | Price: $86,103.21 | FC (T+10): +4.16 | AIC: 1541.1 | Risk: 1.0
[2025-11-23 03:56:50] Model: (1, 1, 1) | Price: $86,053.20 | FC (T+10): +35.41 | AIC: 1541.1 | Risk: 1.0
[2025-11-23 04:26:50] Model: (1, 1, 1) | Price: $85,903.83 | FC (T+10): -60.32 | AIC: 1539.8 | Risk: 1.0
[2025-11-23 04:56:51] Model: (1, 1, 1) | Price: $86,242.24 | FC (T+10): -86.81 | AIC: 1539.8 | Risk: 1.0
[2025-11-23 05:26:51] Model: (1, 1, 1) | Price: $86,618.15 | FC (T+10): -145.76 | AIC: 1538.8 | Risk: 1.0
[2025-11-23 05:56:53] Model: (1, 1, 1) | Price: $86,615.57 | FC (T+10): -130.84 | AIC: 1538.8 | Risk: 1.0
[2025-11-23 06:26:53] Model: (1, 1, 1) | Price: $86,250.00 | FC (T+10): +32.53 | AIC: 1537.0 | Risk: 1.0
[2025-11-23 06:56:54] Model: (1, 1, 1) | Price: $86,244.16 | FC (T+10): +46.06 | AIC: 1537.0 | Risk: 1.0
[2025-11-23 07:26:55] Model: (1, 1, 1) | Price: $86,108.31 | FC (T+10): -79.19 | AIC: 1538.1 | Risk: 1.0
[2025-11-23 07:56:55] Model: (1, 1, 1) | Price: $85,869.57 | FC (T+10): +6.06 | AIC: 1538.4 | Risk: 1.0
[2025-11-23 08:26:56] Model: (1, 1, 1) | Price: $85,672.82 | FC (T+10): -25.90 | AIC: 1537.7 | Risk: 1.0
[2025-11-23 08:56:56] Model: (1, 1, 1) | Price: $85,705.94 | FC (T+10): -17.92 | AIC: 1537.7 | Risk: 1.0
[2025-11-23 09:26:57] Model: (1, 1, 1) | Price: $86,085.67 | FC (T+10): -39.44 | AIC: 1533.3 | Risk: 1.0
[2025-11-23 09:56:57] Model: (1, 1, 1) | Price: $86,125.99 | FC (T+10): -24.43 | AIC: 1533.3 | Risk: 1.0
[2025-11-23 10:26:58] Model: (1, 1, 1) | Price: $86,110.60 | FC (T+10): -27.93 | AIC: 1533.5 | Risk: 1.0
[2025-11-23 10:56:58] Model: (1, 1, 1) | Price: $86,355.35 | FC (T+10): -17.28 | AIC: 1533.7 | Risk: 1.0
[2025-11-23 11:26:59] Model: (1, 1, 1) | Price: $86,339.94 | FC (T+10): -12.70 | AIC: 1533.4 | Risk: 1.0
[2025-11-23 11:56:59] Model: (1, 1, 1) | Price: $86,100.22 | FC (T+10): +33.94 | AIC: 1533.5 | Risk: 1.0
[2025-11-23 12:27:01] Model: (1, 1, 1) | Price: $86,100.48 | FC (T+10): -72.79 | AIC: 1533.6 | Risk: 1.0
[2025-11-23 12:57:01] Model: (1, 1, 1) | Price: $86,316.39 | FC (T+10): -69.14 | AIC: 1533.7 | Risk: 1.0
[2025-11-23 13:27:02] Model: (1, 1, 1) | Price: $86,743.94 | FC (T+10): -56.67 | AIC: 1534.5 | Risk: 1.0
[2025-11-23 13:57:02] Model: (1, 1, 1) | Price: $86,542.00 | FC (T+10): -44.72 | AIC: 1534.1 | Risk: 1.0
[2025-11-23 14:27:03] Model: (1, 1, 1) | Price: $86,467.29 | FC (T+10): -32.76 | AIC: 1532.7 | Risk: 1.0
[2025-11-23 14:57:03] Model: (1, 1, 1) | Price: $86,874.67 | FC (T+10): -37.05 | AIC: 1533.0 | Risk: 1.0
[2025-11-23 15:27:04] Model: (1, 1, 1) | Price: $86,807.19 | FC (T+10): +23.09 | AIC: 1534.2 | Risk: 1.0
[2025-11-23 15:57:05] Model: (1, 1, 1) | Price: $86,618.98 | FC (T+10): +84.76 | AIC: 1534.3 | Risk: 1.0
[2025-11-23 16:27:05] Model: (1, 1, 1) | Price: $86,702.99 | FC (T+10): -52.92 | AIC: 1531.6 | Risk: 1.0
[2025-11-23 16:57:06] Model: (1, 1, 1) | Price: $87,118.98 | FC (T+10): -16.17 | AIC: 1532.3 | Risk: 1.0
[2025-11-23 17:27:06] Model: (1, 1, 1) | Price: $87,102.94 | FC (T+10): -1.47 | AIC: 1532.1 | Risk: 1.0
[2025-11-23 17:57:07] Model: (1, 1, 1) | Price: $87,050.01 | FC (T+10): +30.46 | AIC: 1532.1 | Risk: 1.0
[2025-11-23 18:27:07] Model: (1, 1, 1) | Price: $86,781.99 | FC (T+10): -3.32 | AIC: 1531.6 | Risk: 1.0
[2025-11-23 18:57:08] Model: (1, 1, 1) | Price: $86,775.73 | FC (T+10): +7.45 | AIC: 1531.6 | Risk: 1.0
[2025-11-23 19:27:08] Model: (1, 1, 1) | Price: $86,907.33 | FC (T+10): -69.60 | AIC: 1530.9 | Risk: 1.0
[2025-11-23 19:57:09] Model: (1, 1, 1) | Price: $87,041.18 | FC (T+10): -57.33 | AIC: 1531.1 | Risk: 1.0
[2025-11-23 20:27:09] Model: (1, 1, 1) | Price: $87,470.14 | FC (T+10): -79.02 | AIC: 1530.7 | Risk: 1.0
[2025-11-23 20:57:10] Model: (1, 1, 1) | Price: $87,511.00 | FC (T+10): -54.70 | AIC: 1530.9 | Risk: 1.0
[2025-11-23 21:27:10] Model: (1, 1, 1) | Price: $87,628.78 | FC (T+10): -88.72 | AIC: 1530.4 | Risk: 1.0
[2025-11-23 21:57:11] Model: (1, 1, 1) | Price: $87,469.95 | FC (T+10): -73.85 | AIC: 1530.3 | Risk: 1.0
[2025-11-23 22:27:11] Model: (1, 1, 1) | Price: $87,502.93 | FC (T+10): -154.39 | AIC: 1530.9 | Risk: 1.0
[2025-11-23 22:57:12] Model: (1, 1, 1) | Price: $87,966.82 | FC (T+10): -155.32 | AIC: 1531.0 | Risk: 1.0
[2025-11-23 23:27:12] Model: (1, 1, 1) | Price: $87,880.70 | FC (T+10): +3.53 | AIC: 1523.0 | Risk: 1.0
[2025-11-23 23:57:13] Model: (1, 1, 1) | Price: $87,938.57 | FC (T+10): -2.51 | AIC: 1523.0 | Risk: 1.0
[2025-11-24 00:27:13] Model: (1, 1, 1) | Price: $87,028.55 | FC (T+10): +329.63 | AIC: 1522.3 | Risk: 1.2
[2025-11-24 00:57:14] Model: (1, 1, 1) | Price: $86,780.45 | FC (T+10): +452.23 | AIC: 1522.5 | Risk: 1.4
[2025-11-24 01:27:15] Model: (1, 1, 1) | Price: $86,448.90 | FC (T+10): +209.23 | AIC: 1522.5 | Risk: 1.4
[2025-11-24 01:57:15] Model: (1, 1, 1) | Price: $86,825.83 | FC (T+10): +204.21 | AIC: 1521.8 | Risk: 1.3
[2025-11-24 02:27:15] Model: (1, 1, 1) | Price: $86,781.23 | FC (T+10): -72.10 | AIC: 1521.9 | Risk: 1.2
[2025-11-24 02:57:16] Model: (1, 1, 1) | Price: $87,004.60 | FC (T+10): -42.34 | AIC: 1522.1 | Risk: 1.2
[2025-11-24 03:27:17] Model: (1, 1, 1) | Price: $87,830.53 | FC (T+10): +4.77 | AIC: 1522.9 | Risk: 1.1
[2025-11-24 03:57:17] Model: (1, 1, 1) | Price: $87,400.02 | FC (T+10): -34.52 | AIC: 1521.0 | Risk: 1.1
[2025-11-24 04:27:18] Model: (1, 1, 1) | Price: $87,591.04 | FC (T+10): -36.89 | AIC: 1521.0 | Risk: 1.0
[2025-11-24 04:57:18] Model: (1, 1, 1) | Price: $87,409.21 | FC (T+10): -12.95 | AIC: 1521.0 | Risk: 1.0
[2025-11-24 05:27:18] Model: (1, 1, 1) | Price: $86,533.08 | FC (T+10): -43.77 | AIC: 1524.8 | Risk: 1.0
[2025-11-24 05:57:19] Model: (1, 1, 1) | Price: $86,702.68 | FC (T+10): -89.75 | AIC: 1524.1 | Risk: 1.0
[2025-11-24 06:27:19] Model: (1, 1, 1) | Price: $87,810.03 | FC (T+10): -65.52 | AIC: 1527.4 | Risk: 1.0
[2025-11-24 06:57:20] Model: (1, 1, 1) | Price: $87,377.21 | FC (T+10): -85.02 | AIC: 1524.7 | Risk: 1.0
[2025-11-24 07:27:20] Model: (1, 1, 1) | Price: $87,017.66 | FC (T+10): +129.71 | AIC: 1523.5 | Risk: 1.0
[2025-11-24 07:57:21] Model: (1, 1, 1) | Price: $86,943.18 | FC (T+10): +167.33 | AIC: 1523.5 | Risk: 1.0
[2025-11-24 08:27:21] Model: (1, 1, 1) | Price: $86,831.36 | FC (T+10): -38.35 | AIC: 1524.6 | Risk: 1.0
[2025-11-24 08:57:22] Model: (1, 1, 1) | Price: $87,041.18 | FC (T+10): -28.04 | AIC: 1524.4 | Risk: 1.0
[2025-11-24 09:27:22] Model: (1, 1, 1) | Price: $86,919.99 | FC (T+10): -24.83 | AIC: 1523.9 | Risk: 1.0
[2025-11-24 09:57:23] Model: (1, 1, 1) | Price: $87,014.48 | FC (T+10): -23.54 | AIC: 1523.9 | Risk: 1.0
[2025-11-24 10:27:23] Model: (1, 1, 1) | Price: $85,901.40 | FC (T+10): +162.93 | AIC: 1526.0 | Risk: 1.0
[2025-11-24 10:57:24] Model: (1, 1, 1) | Price: $86,015.06 | FC (T+10): +147.90 | AIC: 1525.5 | Risk: 1.0
[2025-11-24 11:27:24] Model: (1, 1, 1) | Price: $85,831.23 | FC (T+10): -139.96 | AIC: 1526.3 | Risk: 1.0
[2025-11-24 11:57:25] Model: (1, 1, 1) | Price: $86,074.13 | FC (T+10): -108.07 | AIC: 1525.6 | Risk: 1.0
[2025-11-24 12:27:25] Model: (1, 1, 1) | Price: $86,060.34 | FC (T+10): -125.46 | AIC: 1525.8 | Risk: 1.0
[2025-11-24 12:57:26] Model: (1, 1, 1) | Price: $86,280.14 | FC (T+10): -110.70 | AIC: 1525.9 | Risk: 1.0
[2025-11-24 13:27:26] Model: (1, 1, 1) | Price: $86,072.14 | FC (T+10): -14.96 | AIC: 1525.8 | Risk: 1.0
[2025-11-24 13:57:27] Model: (1, 1, 1) | Price: $85,974.33 | FC (T+10): +13.96 | AIC: 1525.9 | Risk: 1.0
[2025-11-24 14:27:27] Model: (1, 1, 1) | Price: $86,336.57 | FC (T+10): -12.74 | AIC: 1526.1 | Risk: 1.0
[2025-11-24 14:57:28] Model: (1, 1, 1) | Price: $86,247.83 | FC (T+10): -2.76 | AIC: 1525.9 | Risk: 1.0
[2025-11-24 15:27:28] Model: (1, 1, 1) | Price: $86,078.95 | FC (T+10): -228.59 | AIC: 1526.3 | Risk: 1.0
[2025-11-24 15:57:29] Model: (1, 1, 1) | Price: $85,878.03 | FC (T+10): -117.98 | AIC: 1526.4 | Risk: 1.0
[2025-11-24 16:27:29] Model: (1, 1, 1) | Price: $86,062.15 | FC (T+10): -149.85 | AIC: 1525.1 | Risk: 1.0
[2025-11-24 16:57:30] Model: (1, 1, 1) | Price: $86,546.39 | FC (T+10): -134.12 | AIC: 1525.2 | Risk: 1.0
[2025-11-24 17:27:30] Model: (1, 1, 1) | Price: $87,286.87 | FC (T+10): +50.87 | AIC: 1521.5 | Risk: 1.0
[2025-11-24 17:57:31] Model: (1, 1, 1) | Price: $87,208.97 | FC (T+10): +72.14 | AIC: 1521.3 | Risk: 1.0
[2025-11-24 18:27:31] Model: (1, 1, 1) | Price: $87,690.37 | FC (T+10): -107.47 | AIC: 1518.6 | Risk: 1.0
[2025-11-24 18:57:32] Model: (1, 1, 1) | Price: $88,277.28 | FC (T+10): -9.53 | AIC: 1522.6 | Risk: 1.0
[2025-11-24 19:27:32] Model: (1, 1, 1) | Price: $88,299.71 | FC (T+10): +97.65 | AIC: 1516.9 | Risk: 1.0
[2025-11-24 19:57:33] Model: (1, 1, 1) | Price: $88,641.54 | FC (T+10): +47.55 | AIC: 1517.4 | Risk: 1.0
[2025-11-24 20:27:34] Model: (1, 1, 1) | Price: $88,520.39 | FC (T+10): +13.83 | AIC: 1518.6 | Risk: 1.0
[2025-11-24 20:57:34] Model: (1, 1, 1) | Price: $88,265.03 | FC (T+10): +119.03 | AIC: 1518.8 | Risk: 1.0
[2025-11-24 21:27:35] Model: (1, 1, 1) | Price: $88,738.00 | FC (T+10): -44.94 | AIC: 1517.5 | Risk: 1.0
[2025-11-24 21:57:36] Model: (1, 1, 1) | Price: $89,073.23 | FC (T+10): -45.20 | AIC: 1518.7 | Risk: 1.0
[2025-11-24 22:27:37] Model: (1, 1, 1) | Price: $88,874.80 | FC (T+10): +49.58 | AIC: 1519.2 | Risk: 1.0
[2025-11-24 22:57:37] Model: (1, 1, 1) | Price: $88,751.01 | FC (T+10): +90.80 | AIC: 1519.2 | Risk: 1.0
[2025-11-24 23:27:38] Model: (1, 1, 1) | Price: $88,781.99 | FC (T+10): -115.48 | AIC: 1518.8 | Risk: 1.0
[2025-11-24 23:57:38] Model: (1, 1, 1) | Price: $88,755.97 | FC (T+10): -104.32 | AIC: 1518.8 | Risk: 1.0
[2025-11-25 00:27:38] Model: (1, 1, 1) | Price: $88,562.00 | FC (T+10): -94.96 | AIC: 1512.3 | Risk: 1.0
[2025-11-25 00:57:39] Model: (1, 1, 1) | Price: $88,304.25 | FC (T+10): -53.26 | AIC: 1512.7 | Risk: 1.0
[2025-11-25 01:27:39] Model: (1, 1, 1) | Price: $87,954.20 | FC (T+10): +23.56 | AIC: 1513.4 | Risk: 1.0
[2025-11-25 01:57:40] Model: (1, 1, 1) | Price: $88,087.20 | FC (T+10): +14.68 | AIC: 1513.1 | Risk: 1.0
[2025-11-25 02:27:40] Model: (1, 1, 1) | Price: $88,152.05 | FC (T+10): -188.85 | AIC: 1512.3 | Risk: 1.0
[2025-11-25 02:57:41] Model: (1, 1, 1) | Price: $87,775.40 | FC (T+10): -165.56 | AIC: 1513.5 | Risk: 1.0
[2025-11-25 03:27:41] Model: (1, 1, 1) | Price: $87,637.00 | FC (T+10): -115.84 | AIC: 1507.2 | Risk: 1.0
[2025-11-25 03:57:42] Model: (1, 1, 1) | Price: $87,851.93 | FC (T+10): -88.01 | AIC: 1507.1 | Risk: 1.0
[2025-11-25 04:27:42] Model: (1, 1, 1) | Price: $87,913.55 | FC (T+10): +36.21 | AIC: 1506.4 | Risk: 1.0
[2025-11-25 04:57:43] Model: (1, 1, 1) | Price: $87,760.02 | FC (T+10): +54.52 | AIC: 1506.4 | Risk: 1.0
[2025-11-25 05:27:43] Model: (1, 1, 1) | Price: $87,995.00 | FC (T+10): -25.05 | AIC: 1506.8 | Risk: 1.0
[2025-11-25 05:57:44] Model: (1, 1, 1) | Price: $88,364.65 | FC (T+10): -8.74 | AIC: 1507.9 | Risk: 1.0
[2025-11-25 06:27:44] Model: (1, 1, 1) | Price: $87,966.66 | FC (T+10): +94.02 | AIC: 1507.5 | Risk: 1.0
[2025-11-25 06:57:45] Model: (1, 1, 1) | Price: $88,096.16 | FC (T+10): +72.75 | AIC: 1507.3 | Risk: 1.0
[2025-11-25 07:27:45] Model: (1, 1, 1) | Price: $87,970.79 | FC (T+10): -24.75 | AIC: 1506.7 | Risk: 1.0
[2025-11-25 07:57:46] Model: (1, 1, 1) | Price: $88,027.82 | FC (T+10): -26.00 | AIC: 1506.6 | Risk: 1.0
[2025-11-25 08:27:46] Model: (1, 1, 1) | Price: $87,741.03 | FC (T+10): +18.65 | AIC: 1498.6 | Risk: 1.0
[2025-11-25 08:57:47] Model: (1, 1, 1) | Price: $87,376.67 | FC (T+10): +64.48 | AIC: 1499.6 | Risk: 1.0
[2025-11-25 09:27:47] Model: (1, 1, 1) | Price: $87,494.06 | FC (T+10): +4.41 | AIC: 1498.7 | Risk: 1.0
[2025-11-25 09:57:48] Model: (1, 1, 1) | Price: $87,025.01 | FC (T+10): +56.45 | AIC: 1499.4 | Risk: 1.0
[2025-11-25 10:27:48] Model: (1, 1, 1) | Price: $86,704.49 | FC (T+10): -109.79 | AIC: 1486.2 | Risk: 1.0
[2025-11-25 10:57:49] Model: (1, 1, 1) | Price: $87,214.08 | FC (T+10): -51.90 | AIC: 1485.5 | Risk: 1.0
[2025-11-25 11:27:49] Model: (1, 1, 1) | Price: $87,203.23 | FC (T+10): -19.64 | AIC: 1490.2 | Risk: 1.0
[2025-11-25 11:57:50] Model: (1, 1, 1) | Price: $87,407.18 | FC (T+10): -41.80 | AIC: 1490.4 | Risk: 1.0
[2025-11-25 12:27:50] Model: (1, 1, 1) | Price: $87,438.86 | FC (T+10): -92.11 | AIC: 1483.2 | Risk: 1.0
[2025-11-25 12:57:51] Model: (1, 1, 1) | Price: $87,386.63 | FC (T+10): -61.93 | AIC: 1483.2 | Risk: 1.0
[2025-11-25 13:27:51] Model: (1, 1, 1) | Price: $87,605.28 | FC (T+10): -75.00 | AIC: 1489.8 | Risk: 1.0
[2025-11-25 13:57:52] Model: (1, 1, 1) | Price: $87,511.56 | FC (T+10): -60.29 | AIC: 1489.7 | Risk: 1.0
[2025-11-25 14:27:52] Model: (1, 1, 1) | Price: $87,634.41 | FC (T+10): -151.55 | AIC: 1472.7 | Risk: 1.0
[2025-11-25 14:57:53] Model: (1, 1, 1) | Price: $87,029.02 | FC (T+10): +128.83 | AIC: 1473.2 | Risk: 1.0
[2025-11-25 15:27:53] Model: (1, 1, 1) | Price: $87,160.82 | FC (T+10): -45.53 | AIC: 1473.4 | Risk: 1.0
[2025-11-25 15:57:54] Model: (1, 1, 1) | Price: $86,619.15 | FC (T+10): +292.47 | AIC: 1473.4 | Risk: 1.2
[2025-11-25 16:27:55] Model: (1, 1, 1) | Price: $86,552.00 | FC (T+10): -111.20 | AIC: 1461.9 | Risk: 1.1
[2025-11-25 16:57:55] Model: (1, 1, 1) | Price: $86,956.03 | FC (T+10): -37.25 | AIC: 1460.4 | Risk: 1.1
[2025-11-25 17:27:56] Model: (1, 1, 1) | Price: $87,147.08 | FC (T+10): -212.00 | AIC: 1460.1 | Risk: 1.0
[2025-11-25 17:57:56] Model: (1, 1, 1) | Price: $87,127.87 | FC (T+10): -170.93 | AIC: 1460.1 | Risk: 1.0
[2025-11-25 18:27:57] Model: (1, 1, 1) | Price: $87,516.99 | FC (T+10): -68.51 | AIC: 1451.7 | Risk: 1.0
[2025-11-25 18:57:58] Model: (1, 1, 1) | Price: $87,779.63 | FC (T+10): -49.42 | AIC: 1454.0 | Risk: 1.0
[2025-11-25 19:27:59] Model: (1, 1, 1) | Price: $87,601.13 | FC (T+10): -14.09 | AIC: 1453.0 | Risk: 1.0
[2025-11-25 19:57:59] Model: (1, 1, 1) | Price: $87,335.08 | FC (T+10): +31.84 | AIC: 1453.4 | Risk: 1.0
[2025-11-25 20:28:00] Model: (1, 1, 1) | Price: $86,277.00 | FC (T+10): +102.36 | AIC: 1456.9 | Risk: 1.0
[2025-11-25 20:58:00] Model: (1, 1, 1) | Price: $86,822.22 | FC (T+10): +35.24 | AIC: 1452.7 | Risk: 1.0
[2025-11-25 21:28:01] Model: (1, 1, 1) | Price: $87,087.90 | FC (T+10): -70.01 | AIC: 1451.8 | Risk: 1.0
[2025-11-25 21:58:01] Model: (1, 1, 1) | Price: $87,397.97 | FC (T+10): -77.22 | AIC: 1452.8 | Risk: 1.0
[2025-11-25 22:28:02] Model: (1, 1, 1) | Price: $87,330.78 | FC (T+10): -24.73 | AIC: 1452.8 | Risk: 1.0
[2025-11-25 22:58:02] Model: (1, 1, 1) | Price: $87,015.93 | FC (T+10): +44.55 | AIC: 1453.3 | Risk: 1.0
[2025-11-25 23:28:03] Model: (1, 1, 1) | Price: $87,099.99 | FC (T+10): -62.32 | AIC: 1442.8 | Risk: 1.0
[2025-11-25 23:58:03] Model: (1, 1, 1) | Price: $87,449.99 | FC (T+10): -21.19 | AIC: 1443.7 | Risk: 1.0
[2025-11-26 00:28:04] Model: (1, 1, 1) | Price: $87,566.01 | FC (T+10): -12.60 | AIC: 1448.0 | Risk: 1.0
[2025-11-26 00:58:04] Model: (1, 1, 1) | Price: $87,388.49 | FC (T+10): +30.78 | AIC: 1448.1 | Risk: 1.0
[2025-11-26 01:28:05] Model: (1, 1, 1) | Price: $87,525.24 | FC (T+10): -51.92 | AIC: 1444.3 | Risk: 1.0
[2025-11-26 01:58:05] Model: (1, 1, 1) | Price: $87,514.86 | FC (T+10): -32.52 | AIC: 1444.3 | Risk: 1.0
[2025-11-26 02:28:06] Model: (1, 1, 1) | Price: $87,649.86 | FC (T+10): -38.53 | AIC: 1444.9 | Risk: 1.0
[2025-11-26 02:58:06] Model: (1, 1, 1) | Price: $87,902.49 | FC (T+10): -16.75 | AIC: 1445.9 | Risk: 1.0
[2025-11-26 03:28:07] Model: (1, 1, 1) | Price: $87,773.37 | FC (T+10): -23.64 | AIC: 1444.2 | Risk: 1.0
[2025-11-26 03:58:07] Model: (1, 1, 1) | Price: $87,733.99 | FC (T+10): -5.66 | AIC: 1444.2 | Risk: 1.0
[2025-11-26 04:28:08] Model: (1, 1, 1) | Price: $87,834.48 | FC (T+10): -51.38 | AIC: 1443.1 | Risk: 1.0
[2025-11-26 04:58:08] Model: (1, 1, 1) | Price: $87,096.73 | FC (T+10): +72.74 | AIC: 1445.2 | Risk: 1.0
[2025-11-26 05:28:09] Model: (1, 1, 1) | Price: $87,212.75 | FC (T+10): -30.12 | AIC: 1444.9 | Risk: 1.0
[2025-11-26 05:58:10] Model: (1, 1, 1) | Price: $87,232.86 | FC (T+10): -16.07 | AIC: 1444.9 | Risk: 1.0
[2025-11-26 06:28:10] Model: (1, 1, 1) | Price: $87,526.69 | FC (T+10): -80.01 | AIC: 1445.1 | Risk: 1.0
[2025-11-26 06:58:11] Model: (1, 1, 1) | Price: $87,593.46 | FC (T+10): -64.58 | AIC: 1445.5 | Risk: 1.0
[2025-11-26 07:28:11] Model: (1, 1, 1) | Price: $87,590.21 | FC (T+10): -20.73 | AIC: 1445.2 | Risk: 1.0
[2025-11-26 07:58:11] Model: (1, 1, 1) | Price: $87,862.96 | FC (T+10): -20.96 | AIC: 1446.2 | Risk: 1.0
[2025-11-26 08:28:12] Model: (1, 1, 1) | Price: $87,799.98 | FC (T+10): -31.74 | AIC: 1445.2 | Risk: 1.0
[2025-11-26 08:58:13] Model: (1, 1, 1) | Price: $87,917.98 | FC (T+10): -25.31 | AIC: 1445.2 | Risk: 1.0
[2025-11-26 09:28:13] Model: (1, 1, 1) | Price: $87,596.23 | FC (T+10): -24.38 | AIC: 1444.6 | Risk: 1.0
[2025-11-26 09:58:14] Model: (1, 1, 1) | Price: $87,429.58 | FC (T+10): -1.78 | AIC: 1445.4 | Risk: 1.0
[2025-11-26 10:28:14] Model: (1, 1, 1) | Price: $87,110.19 | FC (T+10): +24.97 | AIC: 1445.9 | Risk: 1.0
[2025-11-26 10:58:15] Model: (1, 1, 1) | Price: $86,829.64 | FC (T+10): +121.59 | AIC: 1446.8 | Risk: 1.0
[2025-11-26 11:28:15] Model: (1, 1, 1) | Price: $86,852.94 | FC (T+10): -38.19 | AIC: 1447.0 | Risk: 1.0
[2025-11-26 11:58:16] Model: (1, 1, 1) | Price: $86,955.17 | FC (T+10): -24.84 | AIC: 1446.8 | Risk: 1.0
[2025-11-26 12:28:16] Model: (1, 1, 1) | Price: $86,913.50 | FC (T+10): -54.01 | AIC: 1445.6 | Risk: 1.0
[2025-11-26 12:58:17] Model: (1, 1, 1) | Price: $87,050.12 | FC (T+10): -48.39 | AIC: 1445.6 | Risk: 1.0
[2025-11-26 13:28:17] Model: (1, 1, 1) | Price: $86,505.00 | FC (T+10): +59.51 | AIC: 1447.2 | Risk: 1.0
[2025-11-26 13:58:18] Model: (1, 1, 1) | Price: $86,661.07 | FC (T+10): +77.86 | AIC: 1446.0 | Risk: 1.0
[2025-11-26 14:28:18] Model: (1, 1, 1) | Price: $86,757.35 | FC (T+10): -32.83 | AIC: 1445.6 | Risk: 1.0
[2025-11-26 14:58:19] Model: (1, 1, 1) | Price: $87,059.77 | FC (T+10): -4.55 | AIC: 1446.6 | Risk: 1.0
[2025-11-26 15:28:19] Model: (1, 1, 1) | Price: $87,308.92 | FC (T+10): -91.66 | AIC: 1445.6 | Risk: 1.0
[2025-11-26 15:58:20] Model: (1, 1, 1) | Price: $87,034.76 | FC (T+10): +57.39 | AIC: 1445.5 | Risk: 1.0
[2025-11-26 16:28:20] Model: (1, 1, 1) | Price: $87,265.69 | FC (T+10): -119.85 | AIC: 1444.4 | Risk: 1.0
[2025-11-26 16:58:21] Model: (1, 1, 1) | Price: $86,943.99 | FC (T+10): +7.14 | AIC: 1444.3 | Risk: 1.0
[2025-11-26 17:28:21] Model: (1, 1, 1) | Price: $87,604.00 | FC (T+10): -162.78 | AIC: 1444.8 | Risk: 1.0
[2025-11-26 17:58:22] Model: (1, 1, 1) | Price: $87,858.77 | FC (T+10): -119.91 | AIC: 1448.1 | Risk: 1.0
[2025-11-26 18:28:22] Model: (1, 1, 1) | Price: $88,732.02 | FC (T+10): -82.81 | AIC: 1451.4 | Risk: 1.0
[2025-11-26 18:58:23] Resonance Shift Detected (AIC Spike). Recalibrating Matrix...
[2025-11-26 18:58:24] New Stable State Found: (0, 1, 2) (AIC: 1457.28)
[2025-11-26 18:58:24] Model: (0, 1, 2) | Price: $89,910.99 | FC (T+10): -350.49 | AIC: 1457.3 | Risk: 0.8
[2025-11-26 19:28:24] Model: (0, 1, 2) | Price: $90,335.17 | FC (T+10): -253.92 | AIC: 1457.0 | Risk: 0.6
[2025-11-26 19:58:25] Model: (0, 1, 2) | Price: $90,155.53 | FC (T+10): -207.04 | AIC: 1456.8 | Risk: 1.0
[2025-11-26 20:28:25] Model: (0, 1, 2) | Price: $89,746.95 | FC (T+10): -93.08 | AIC: 1457.4 | Risk: 1.0
[2025-11-26 20:58:26] Model: (0, 1, 2) | Price: $90,006.82 | FC (T+10): -49.23 | AIC: 1456.8 | Risk: 1.0
[2025-11-26 21:28:26] Model: (0, 1, 2) | Price: $89,950.73 | FC (T+10): -59.56 | AIC: 1456.8 | Risk: 1.0
[2025-11-26 21:58:27] Model: (0, 1, 2) | Price: $89,940.27 | FC (T+10): -14.39 | AIC: 1456.7 | Risk: 1.0
[2025-11-26 22:28:27] Model: (0, 1, 2) | Price: $90,212.00 | FC (T+10): -93.11 | AIC: 1457.0 | Risk: 1.0
[2025-11-26 22:58:28] Model: (0, 1, 2) | Price: $90,183.70 | FC (T+10): -62.95 | AIC: 1457.1 | Risk: 1.0
[2025-11-26 23:28:28] Model: (0, 1, 2) | Price: $90,352.00 | FC (T+10): +132.08 | AIC: 1456.6 | Risk: 1.0
[2025-11-26 23:58:29] Model: (0, 1, 2) | Price: $90,397.81 | FC (T+10): +142.00 | AIC: 1456.9 | Risk: 1.0
[2025-11-27 00:28:29] Model: (0, 1, 2) | Price: $90,360.77 | FC (T+10): +38.80 | AIC: 1455.9 | Risk: 1.0
[2025-11-27 00:58:30] Model: (0, 1, 2) | Price: $90,511.02 | FC (T+10): +61.17 | AIC: 1456.0 | Risk: 1.0
[2025-11-27 01:28:30] Model: (0, 1, 2) | Price: $90,205.23 | FC (T+10): -21.22 | AIC: 1456.0 | Risk: 1.0
[2025-11-27 01:58:31] Model: (0, 1, 2) | Price: $90,495.22 | FC (T+10): +34.82 | AIC: 1455.7 | Risk: 1.0
[2025-11-27 02:28:31] Model: (0, 1, 2) | Price: $90,764.93 | FC (T+10): +6.91 | AIC: 1451.9 | Risk: 1.0
[2025-11-27 02:58:32] Model: (0, 1, 2) | Price: $91,048.36 | FC (T+10): +33.81 | AIC: 1453.2 | Risk: 1.0
[2025-11-27 03:28:32] Model: (0, 1, 2) | Price: $91,406.01 | FC (T+10): -59.13 | AIC: 1454.0 | Risk: 1.0
[2025-11-27 03:58:33] Model: (0, 1, 2) | Price: $91,459.73 | FC (T+10): +79.75 | AIC: 1454.8 | Risk: 1.0
[2025-11-27 04:28:33] Model: (0, 1, 2) | Price: $91,329.76 | FC (T+10): -92.64 | AIC: 1454.5 | Risk: 1.0
[2025-11-27 04:58:34] Model: (0, 1, 2) | Price: $91,143.74 | FC (T+10): -75.59 | AIC: 1454.9 | Risk: 1.0
[2025-11-27 05:28:34] Model: (0, 1, 2) | Price: $91,182.02 | FC (T+10): -29.34 | AIC: 1454.8 | Risk: 1.0
[2025-11-27 05:58:35] Model: (0, 1, 2) | Price: $91,290.79 | FC (T+10): -21.52 | AIC: 1455.0 | Risk: 1.0
[2025-11-27 06:28:35] Model: (0, 1, 2) | Price: $91,498.44 | FC (T+10): -22.71 | AIC: 1454.9 | Risk: 1.0
[2025-11-27 06:58:36] Model: (0, 1, 2) | Price: $90,984.66 | FC (T+10): -24.27 | AIC: 1455.3 | Risk: 1.0
[2025-11-27 07:28:36] Model: (0, 1, 2) | Price: $91,354.76 | FC (T+10): +22.26 | AIC: 1455.2 | Risk: 1.0
[2025-11-27 07:58:37] Model: (0, 1, 2) | Price: $91,256.40 | FC (T+10): +32.05 | AIC: 1454.9 | Risk: 1.0
[2025-11-27 08:28:37] Model: (0, 1, 2) | Price: $91,457.30 | FC (T+10): -17.46 | AIC: 1455.1 | Risk: 1.0
[2025-11-27 08:58:38] Model: (0, 1, 2) | Price: $91,419.99 | FC (T+10): -2.90 | AIC: 1455.0 | Risk: 1.0
[2025-11-27 09:28:38] Model: (0, 1, 2) | Price: $91,345.05 | FC (T+10): -6.57 | AIC: 1454.5 | Risk: 1.0
[2025-11-27 09:58:39] Model: (0, 1, 2) | Price: $91,504.24 | FC (T+10): +8.96 | AIC: 1454.5 | Risk: 1.0
[2025-11-27 10:28:39] Model: (0, 1, 2) | Price: $91,610.47 | FC (T+10): -0.62 | AIC: 1454.3 | Risk: 1.0
[2025-11-27 10:58:40] Model: (0, 1, 2) | Price: $91,551.50 | FC (T+10): +11.44 | AIC: 1454.3 | Risk: 1.0
[2025-11-27 11:28:40] Model: (0, 1, 2) | Price: $91,692.55 | FC (T+10): +6.50 | AIC: 1453.7 | Risk: 1.0
[2025-11-27 11:58:40] Model: (0, 1, 2) | Price: $91,626.53 | FC (T+10): +14.52 | AIC: 1453.7 | Risk: 1.0
[2025-11-27 12:28:41] Model: (0, 1, 2) | Price: $91,385.89 | FC (T+10): -24.90 | AIC: 1453.5 | Risk: 1.0
[2025-11-27 12:58:42] Model: (0, 1, 2) | Price: $91,362.24 | FC (T+10): -23.00 | AIC: 1453.6 | Risk: 1.0
[2025-11-27 13:28:42] Model: (0, 1, 2) | Price: $91,285.72 | FC (T+10): +1.36 | AIC: 1453.3 | Risk: 1.0
[2025-11-27 13:58:43] Model: (0, 1, 2) | Price: $90,976.18 | FC (T+10): -6.30 | AIC: 1454.0 | Risk: 1.0
[2025-11-27 14:28:43] Model: (0, 1, 2) | Price: $90,701.04 | FC (T+10): +9.53 | AIC: 1453.6 | Risk: 1.0
[2025-11-27 14:58:44] Model: (0, 1, 2) | Price: $90,927.78 | FC (T+10): +39.90 | AIC: 1453.3 | Risk: 1.0
[2025-11-27 15:28:44] Model: (0, 1, 2) | Price: $90,925.78 | FC (T+10): -15.09 | AIC: 1452.4 | Risk: 1.0
[2025-11-27 15:58:44] Model: (0, 1, 2) | Price: $90,796.00 | FC (T+10): -4.41 | AIC: 1452.4 | Risk: 1.0
[2025-11-27 16:28:45] Model: (0, 1, 2) | Price: $90,931.85 | FC (T+10): -8.11 | AIC: 1450.8 | Risk: 1.0
[2025-11-27 16:58:45] Model: (0, 1, 2) | Price: $90,984.82 | FC (T+10): -5.95 | AIC: 1450.9 | Risk: 1.0
[2025-11-27 17:28:46] Model: (0, 1, 2) | Price: $91,176.06 | FC (T+10): -13.00 | AIC: 1449.9 | Risk: 1.0
[2025-11-27 17:58:46] Model: (0, 1, 2) | Price: $91,484.60 | FC (T+10): -22.18 | AIC: 1450.9 | Risk: 1.0
[2025-11-27 18:28:47] Model: (0, 1, 2) | Price: $91,412.74 | FC (T+10): -31.37 | AIC: 1450.8 | Risk: 1.0
[2025-11-27 18:58:47] Model: (0, 1, 2) | Price: $91,471.77 | FC (T+10): -26.13 | AIC: 1450.8 | Risk: 1.0
[2025-11-27 19:28:48] Model: (0, 1, 2) | Price: $91,410.60 | FC (T+10): +8.27 | AIC: 1450.4 | Risk: 1.0
[2025-11-27 19:58:49] Model: (0, 1, 2) | Price: $91,796.59 | FC (T+10): +29.37 | AIC: 1451.1 | Risk: 1.0
[2025-11-27 20:28:49] Model: (0, 1, 2) | Price: $91,611.06 | FC (T+10): -35.99 | AIC: 1450.8 | Risk: 1.0
[2025-11-27 20:58:50] Model: (0, 1, 2) | Price: $91,516.13 | FC (T+10): -44.76 | AIC: 1451.1 | Risk: 1.0
[2025-11-27 21:28:50] Model: (0, 1, 2) | Price: $91,457.99 | FC (T+10): +9.19 | AIC: 1450.8 | Risk: 1.0
[2025-11-27 21:58:51] Model: (0, 1, 2) | Price: $91,435.50 | FC (T+10): +8.79 | AIC: 1450.8 | Risk: 1.0
[2025-11-27 22:28:51] Model: (0, 1, 2) | Price: $91,545.99 | FC (T+10): +22.18 | AIC: 1449.4 | Risk: 1.0
[2025-11-27 22:58:52] Model: (0, 1, 2) | Price: $91,442.22 | FC (T+10): +22.99 | AIC: 1449.3 | Risk: 1.0
[2025-11-27 23:28:52] Model: (0, 1, 2) | Price: $91,562.69 | FC (T+10): +13.60 | AIC: 1449.7 | Risk: 1.0
[2025-11-27 23:58:53] Model: (0, 1, 2) | Price: $91,310.46 | FC (T+10): +4.69 | AIC: 1449.7 | Risk: 1.0
[2025-11-28 00:28:53] Model: (0, 1, 2) | Price: $91,423.62 | FC (T+10): +53.30 | AIC: 1438.0 | Risk: 1.0
[2025-11-28 00:58:54] Model: (0, 1, 2) | Price: $91,295.61 | FC (T+10): +69.76 | AIC: 1437.8 | Risk: 1.0
[2025-11-28 01:28:55] Model: (0, 1, 2) | Price: $91,224.84 | FC (T+10): +51.18 | AIC: 1438.0 | Risk: 1.0
[2025-11-28 01:58:55] Model: (0, 1, 2) | Price: $91,184.95 | FC (T+10): +42.46 | AIC: 1438.1 | Risk: 1.0
[2025-11-28 02:28:56] Model: (0, 1, 2) | Price: $90,945.00 | FC (T+10): -23.67 | AIC: 1438.0 | Risk: 1.0
[2025-11-28 02:58:56] Model: (0, 1, 2) | Price: $90,838.89 | FC (T+10): -56.72 | AIC: 1438.6 | Risk: 1.0
[2025-11-28 03:28:57] Model: (0, 1, 2) | Price: $90,749.29 | FC (T+10): -13.12 | AIC: 1437.8 | Risk: 1.0
[2025-11-28 03:58:57] Model: (0, 1, 2) | Price: $91,064.24 | FC (T+10): -54.38 | AIC: 1438.1 | Risk: 1.0
[2025-11-28 04:28:58] Model: (0, 1, 2) | Price: $91,195.50 | FC (T+10): -25.06 | AIC: 1438.2 | Risk: 1.0
[2025-11-28 04:58:58] Model: (0, 1, 2) | Price: $91,208.46 | FC (T+10): -26.70 | AIC: 1438.2 | Risk: 1.0
[2025-11-28 05:28:59] Model: (0, 1, 2) | Price: $91,399.99 | FC (T+10): -0.72 | AIC: 1436.4 | Risk: 1.0
[2025-11-28 05:58:59] Model: (0, 1, 2) | Price: $91,439.96 | FC (T+10): -4.36 | AIC: 1436.5 | Risk: 1.0
[2025-11-28 06:29:00] Model: (0, 1, 2) | Price: $91,523.36 | FC (T+10): +0.63 | AIC: 1433.6 | Risk: 1.0
[2025-11-28 06:59:01] Model: (0, 1, 2) | Price: $91,614.22 | FC (T+10): -2.35 | AIC: 1433.7 | Risk: 1.0
[2025-11-28 07:29:01] Model: (0, 1, 2) | Price: $91,312.12 | FC (T+10): +4.87 | AIC: 1431.2 | Risk: 1.0
[2025-11-28 07:59:02] Model: (0, 1, 2) | Price: $91,318.05 | FC (T+10): +1.14 | AIC: 1431.2 | Risk: 1.0
[2025-11-28 08:29:02] Model: (0, 1, 2) | Price: $91,489.98 | FC (T+10): +54.82 | AIC: 1431.2 | Risk: 1.0
[2025-11-28 08:59:03] Model: (0, 1, 2) | Price: $90,905.53 | FC (T+10): -48.40 | AIC: 1431.7 | Risk: 1.0
[2025-11-28 09:29:03] Model: (0, 1, 2) | Price: $91,159.15 | FC (T+10): +20.34 | AIC: 1432.2 | Risk: 1.0
[2025-11-28 09:59:04] Model: (0, 1, 2) | Price: $91,636.00 | FC (T+10): -40.89 | AIC: 1434.3 | Risk: 1.0
[2025-11-28 10:29:04] Model: (0, 1, 2) | Price: $91,595.30 | FC (T+10): -68.39 | AIC: 1426.9 | Risk: 1.0
[2025-11-28 10:59:04] Model: (0, 1, 2) | Price: $91,568.45 | FC (T+10): -80.37 | AIC: 1427.0 | Risk: 1.0
[2025-11-28 11:29:05] Model: (0, 1, 2) | Price: $91,573.54 | FC (T+10): +33.12 | AIC: 1426.1 | Risk: 1.0
[2025-11-28 11:59:06] Model: (0, 1, 2) | Price: $91,814.90 | FC (T+10): +24.51 | AIC: 1426.5 | Risk: 1.0
[2025-11-28 12:29:06] Model: (0, 1, 2) | Price: $91,344.16 | FC (T+10): -90.97 | AIC: 1428.4 | Risk: 1.0
[2025-11-28 12:59:07] Model: (0, 1, 2) | Price: $91,477.04 | FC (T+10): -67.50 | AIC: 1427.5 | Risk: 1.0
[2025-11-28 13:29:07] Model: (0, 1, 2) | Price: $91,562.05 | FC (T+10): +82.51 | AIC: 1427.7 | Risk: 1.0
[2025-11-28 13:59:08] Model: (0, 1, 2) | Price: $91,513.19 | FC (T+10): +70.95 | AIC: 1427.5 | Risk: 1.0
[2025-11-28 14:29:08] Model: (0, 1, 2) | Price: $91,550.92 | FC (T+10): +175.48 | AIC: 1427.6 | Risk: 1.0
[2025-11-28 14:59:09] Model: (0, 1, 2) | Price: $92,280.46 | FC (T+10): +49.92 | AIC: 1430.3 | Risk: 1.0
[2025-11-28 15:29:09] Model: (0, 1, 2) | Price: $92,877.87 | FC (T+10): +32.41 | AIC: 1431.7 | Risk: 1.0
[2025-11-28 15:59:10] Model: (0, 1, 2) | Price: $92,156.10 | FC (T+10): -141.63 | AIC: 1431.5 | Risk: 1.0
[2025-11-28 16:29:10] Model: (0, 1, 2) | Price: $92,631.28 | FC (T+10): +62.39 | AIC: 1431.9 | Risk: 1.0
[2025-11-28 16:59:11] Model: (0, 1, 2) | Price: $92,301.82 | FC (T+10): +51.03 | AIC: 1430.4 | Risk: 1.0
[2025-11-28 17:29:11] Model: (0, 1, 2) | Price: $91,232.17 | FC (T+10): -135.64 | AIC: 1439.8 | Risk: 1.0
[2025-11-28 17:59:12] Model: (0, 1, 2) | Price: $90,940.84 | FC (T+10): -239.36 | AIC: 1446.1 | Risk: 0.8
[2025-11-28 18:29:12] Model: (0, 1, 2) | Price: $90,521.75 | FC (T+10): -35.07 | AIC: 1440.1 | Risk: 1.0
[2025-11-28 18:59:13] Model: (0, 1, 2) | Price: $90,682.01 | FC (T+10): -44.49 | AIC: 1439.9 | Risk: 1.0
[2025-11-28 19:29:13] Model: (0, 1, 2) | Price: $90,799.40 | FC (T+10): +76.88 | AIC: 1439.8 | Risk: 1.0
[2025-11-28 19:59:14] Model: (0, 1, 2) | Price: $90,768.43 | FC (T+10): +81.55 | AIC: 1439.7 | Risk: 1.0
[2025-11-28 20:29:14] Model: (0, 1, 2) | Price: $91,083.15 | FC (T+10): +5.62 | AIC: 1438.7 | Risk: 1.0
[2025-11-28 20:59:15] Model: (0, 1, 2) | Price: $91,157.44 | FC (T+10): +0.80 | AIC: 1438.9 | Risk: 1.0
[2025-11-28 21:29:15] Model: (0, 1, 2) | Price: $91,145.95 | FC (T+10): -17.89 | AIC: 1435.2 | Risk: 1.0
[2025-11-28 21:59:16] Model: (0, 1, 2) | Price: $91,201.30 | FC (T+10): -18.23 | AIC: 1435.2 | Risk: 1.0
[2025-11-28 22:29:16] Model: (0, 1, 2) | Price: $91,129.93 | FC (T+10): +111.91 | AIC: 1434.1 | Risk: 1.0
[2025-11-28 22:59:17] Model: (0, 1, 2) | Price: $90,900.01 | FC (T+10): +111.02 | AIC: 1434.1 | Risk: 1.0
[2025-11-28 23:29:17] Model: (0, 1, 2) | Price: $90,895.99 | FC (T+10): +84.14 | AIC: 1434.0 | Risk: 1.0
[2025-11-28 23:59:18] Model: (0, 1, 2) | Price: $91,037.01 | FC (T+10): +86.70 | AIC: 1434.2 | Risk: 1.0
[2025-11-29 00:29:18] Model: (0, 1, 2) | Price: $90,982.18 | FC (T+10): -19.44 | AIC: 1434.0 | Risk: 1.0
[2025-11-29 00:59:19] Model: (0, 1, 2) | Price: $90,890.71 | FC (T+10): -25.75 | AIC: 1434.2 | Risk: 1.0
[2025-11-29 01:29:19] Model: (0, 1, 2) | Price: $90,891.21 | FC (T+10): +32.76 | AIC: 1434.0 | Risk: 1.0
[2025-11-29 01:59:20] Model: (0, 1, 2) | Price: $90,890.39 | FC (T+10): +33.03 | AIC: 1434.0 | Risk: 1.0
[2025-11-29 02:29:20] Model: (0, 1, 2) | Price: $90,964.43 | FC (T+10): +3.60 | AIC: 1433.8 | Risk: 1.0
[2025-11-29 02:59:21] Model: (0, 1, 2) | Price: $90,892.50 | FC (T+10): +6.63 | AIC: 1433.8 | Risk: 1.0
[2025-11-29 03:29:21] Model: (0, 1, 2) | Price: $90,891.43 | FC (T+10): +18.22 | AIC: 1433.6 | Risk: 1.0
[2025-11-29 03:59:22] Model: (0, 1, 2) | Price: $90,792.56 | FC (T+10): +17.68 | AIC: 1433.7 | Risk: 1.0
[2025-11-29 04:29:22] Model: (0, 1, 2) | Price: $90,729.76 | FC (T+10): +34.76 | AIC: 1433.5 | Risk: 1.0
[2025-11-29 04:59:22] Model: (0, 1, 2) | Price: $90,688.24 | FC (T+10): +35.03 | AIC: 1433.6 | Risk: 1.0
[2025-11-29 05:29:23] Model: (0, 1, 2) | Price: $90,697.81 | FC (T+10): +25.85 | AIC: 1432.1 | Risk: 1.0
[2025-11-29 05:59:24] Model: (0, 1, 2) | Price: $90,911.36 | FC (T+10): +4.45 | AIC: 1432.4 | Risk: 1.0
[2025-11-29 06:29:24] Model: (0, 1, 2) | Price: $90,895.70 | FC (T+10): -20.74 | AIC: 1432.0 | Risk: 1.0
[2025-11-29 06:59:24] Model: (0, 1, 2) | Price: $90,747.15 | FC (T+10): -27.40 | AIC: 1432.2 | Risk: 1.0
[2025-11-29 07:29:25] Model: (0, 1, 2) | Price: $90,578.48 | FC (T+10): +10.44 | AIC: 1432.2 | Risk: 1.0
[2025-11-29 07:59:26] Model: (0, 1, 2) | Price: $90,569.93 | FC (T+10): +11.20 | AIC: 1432.2 | Risk: 1.0
[2025-11-29 08:29:26] Model: (0, 1, 2) | Price: $90,479.64 | FC (T+10): +16.51 | AIC: 1429.5 | Risk: 1.0
[2025-11-29 08:59:27] Model: (0, 1, 2) | Price: $90,572.23 | FC (T+10): +13.07 | AIC: 1429.4 | Risk: 1.0
[2025-11-29 09:29:27] Model: (0, 1, 2) | Price: $90,620.54 | FC (T+10): +1.13 | AIC: 1428.9 | Risk: 1.0
[2025-11-29 09:59:28] Model: (0, 1, 2) | Price: $90,617.97 | FC (T+10): +0.77 | AIC: 1428.9 | Risk: 1.0
[2025-11-29 10:29:28] Model: (0, 1, 2) | Price: $90,539.19 | FC (T+10): +11.73 | AIC: 1428.5 | Risk: 1.0
[2025-11-29 10:59:29] Model: (0, 1, 2) | Price: $90,560.07 | FC (T+10): +11.39 | AIC: 1428.4 | Risk: 1.0
[2025-11-29 11:29:29] Model: (0, 1, 2) | Price: $90,593.57 | FC (T+10): +13.43 | AIC: 1428.3 | Risk: 1.0
[2025-11-29 11:59:30] Model: (0, 1, 2) | Price: $90,575.86 | FC (T+10): +13.58 | AIC: 1428.3 | Risk: 1.0
[2025-11-29 12:29:30] Model: (0, 1, 2) | Price: $90,541.05 | FC (T+10): +14.77 | AIC: 1428.2 | Risk: 1.0
[2025-11-29 12:59:31] Model: (0, 1, 2) | Price: $90,673.20 | FC (T+10): +5.85 | AIC: 1428.3 | Risk: 1.0
[2025-11-29 13:29:32] Model: (0, 1, 2) | Price: $90,557.26 | FC (T+10): -11.96 | AIC: 1428.1 | Risk: 1.0
[2025-11-29 13:59:32] Model: (0, 1, 2) | Price: $90,634.85 | FC (T+10): -8.16 | AIC: 1428.0 | Risk: 1.0
[2025-11-29 14:29:33] Model: (0, 1, 2) | Price: $90,770.73 | FC (T+10): -1.71 | AIC: 1426.9 | Risk: 1.0
[2025-11-29 14:59:33] Model: (0, 1, 2) | Price: $90,783.16 | FC (T+10): -3.39 | AIC: 1426.9 | Risk: 1.0
[2025-11-29 15:29:33] Model: (0, 1, 2) | Price: $90,670.01 | FC (T+10): -16.52 | AIC: 1426.4 | Risk: 1.0
[2025-11-29 15:59:34] Model: (0, 1, 2) | Price: $90,621.74 | FC (T+10): -21.74 | AIC: 1426.5 | Risk: 1.0
[2025-11-29 16:29:34] Model: (0, 1, 2) | Price: $90,888.03 | FC (T+10): -3.31 | AIC: 1426.5 | Risk: 1.0
[2025-11-29 16:59:35] Model: (0, 1, 2) | Price: $91,047.56 | FC (T+10): -23.18 | AIC: 1427.1 | Risk: 1.0
[2025-11-29 17:29:35] Model: (0, 1, 2) | Price: $90,870.99 | FC (T+10): -49.30 | AIC: 1427.4 | Risk: 1.0
[2025-11-29 17:59:36] Model: (0, 1, 2) | Price: $91,007.13 | FC (T+10): -46.49 | AIC: 1427.1 | Risk: 1.0
[2025-11-29 18:29:36] Model: (0, 1, 2) | Price: $90,712.02 | FC (T+10): -5.38 | AIC: 1426.3 | Risk: 1.0
[2025-11-29 18:59:37] Model: (0, 1, 2) | Price: $90,421.22 | FC (T+10): -19.38 | AIC: 1428.2 | Risk: 1.0
[2025-11-29 19:29:37] Model: (0, 1, 2) | Price: $90,257.89 | FC (T+10): +21.98 | AIC: 1427.4 | Risk: 1.0
[2025-11-29 19:59:38] Model: (0, 1, 2) | Price: $90,690.85 | FC (T+10): +15.41 | AIC: 1427.9 | Risk: 1.0
[2025-11-29 20:29:38] Model: (0, 1, 2) | Price: $90,806.53 | FC (T+10): -14.40 | AIC: 1427.4 | Risk: 1.0
[2025-11-29 20:59:39] Model: (0, 1, 2) | Price: $90,651.16 | FC (T+10): -11.00 | AIC: 1427.4 | Risk: 1.0
[2025-11-29 21:29:39] Model: (0, 1, 2) | Price: $90,654.09 | FC (T+10): +33.46 | AIC: 1425.6 | Risk: 1.0
[2025-11-29 21:59:40] Model: (0, 1, 2) | Price: $90,967.83 | FC (T+10): +19.75 | AIC: 1426.4 | Risk: 1.0
[2025-11-29 22:29:40] Model: (0, 1, 2) | Price: $90,942.18 | FC (T+10): -21.38 | AIC: 1425.0 | Risk: 1.0
[2025-11-29 22:59:41] Model: (0, 1, 2) | Price: $91,004.76 | FC (T+10): -23.45 | AIC: 1425.0 | Risk: 1.0
[2025-11-29 23:29:41] Model: (0, 1, 2) | Price: $90,729.03 | FC (T+10): +29.47 | AIC: 1422.4 | Risk: 1.0
[2025-11-29 23:59:42] Model: (0, 1, 2) | Price: $90,744.74 | FC (T+10): +28.61 | AIC: 1422.3 | Risk: 1.0
[2025-11-30 00:29:42] Model: (0, 1, 2) | Price: $90,817.31 | FC (T+10): +42.90 | AIC: 1421.5 | Risk: 1.0
[2025-11-30 00:59:42] Model: (0, 1, 2) | Price: $90,795.01 | FC (T+10): +41.65 | AIC: 1421.5 | Risk: 1.0
[2025-11-30 01:29:43] Model: (0, 1, 2) | Price: $90,863.02 | FC (T+10): +0.03 | AIC: 1421.1 | Risk: 1.0
[2025-11-30 01:59:43] Model: (0, 1, 2) | Price: $90,893.94 | FC (T+10): -0.95 | AIC: 1421.1 | Risk: 1.0
[2025-11-30 02:29:44] Model: (0, 1, 2) | Price: $90,954.26 | FC (T+10): +9.37 | AIC: 1420.5 | Risk: 1.0
[2025-11-30 02:59:44] Model: (0, 1, 2) | Price: $90,913.31 | FC (T+10): +7.77 | AIC: 1420.4 | Risk: 1.0
[2025-11-30 03:29:45] Model: (0, 1, 2) | Price: $90,950.60 | FC (T+10): +6.18 | AIC: 1420.3 | Risk: 1.0
[2025-11-30 03:59:45] Model: (0, 1, 2) | Price: $90,784.34 | FC (T+10): -3.53 | AIC: 1420.4 | Risk: 1.0
[2025-11-30 04:29:46] Model: (0, 1, 2) | Price: $90,687.23 | FC (T+10): +17.54 | AIC: 1418.1 | Risk: 1.0
[2025-11-30 04:59:46] Model: (0, 1, 2) | Price: $90,909.34 | FC (T+10): +22.04 | AIC: 1418.2 | Risk: 1.0
[2025-11-30 05:29:47] Model: (0, 1, 2) | Price: $90,870.53 | FC (T+10): -0.53 | AIC: 1418.1 | Risk: 1.0
[2025-11-30 05:59:47] Model: (0, 1, 2) | Price: $90,857.99 | FC (T+10): -2.52 | AIC: 1418.1 | Risk: 1.0
[2025-11-30 06:29:48] Model: (0, 1, 2) | Price: $90,698.87 | FC (T+10): -2.02 | AIC: 1417.7 | Risk: 1.0
[2025-11-30 06:59:48] Model: (0, 1, 2) | Price: $90,783.76 | FC (T+10): +4.78 | AIC: 1417.6 | Risk: 1.0
[2025-11-30 07:29:49] Model: (0, 1, 2) | Price: $90,905.30 | FC (T+10): +5.49 | AIC: 1417.2 | Risk: 1.0
[2025-11-30 07:59:49] Model: (0, 1, 2) | Price: $90,898.69 | FC (T+10): +4.10 | AIC: 1417.2 | Risk: 1.0
[2025-11-30 08:29:50] Model: (0, 1, 2) | Price: $90,955.39 | FC (T+10): -1.17 | AIC: 1417.2 | Risk: 1.0
[2025-11-30 08:59:50] Model: (0, 1, 2) | Price: $90,961.07 | FC (T+10): -3.54 | AIC: 1417.2 | Risk: 1.0
[2025-11-30 09:29:51] Model: (0, 1, 2) | Price: $91,161.61 | FC (T+10): -4.37 | AIC: 1415.6 | Risk: 1.0
[2025-11-30 09:59:51] Model: (0, 1, 2) | Price: $91,177.74 | FC (T+10): -16.38 | AIC: 1415.6 | Risk: 1.0
[2025-11-30 10:29:52] Model: (0, 1, 2) | Price: $91,420.71 | FC (T+10): -10.75 | AIC: 1413.2 | Risk: 1.0
[2025-11-30 10:59:52] Model: (0, 1, 2) | Price: $91,413.08 | FC (T+10): -15.12 | AIC: 1413.1 | Risk: 1.0
[2025-11-30 11:29:53] Model: (0, 1, 2) | Price: $91,396.88 | FC (T+10): +21.79 | AIC: 1412.9 | Risk: 1.0
[2025-11-30 11:59:54] Model: (0, 1, 2) | Price: $91,234.31 | FC (T+10): -4.35 | AIC: 1413.1 | Risk: 1.0
[2025-11-30 12:29:54] Model: (0, 1, 2) | Price: $91,255.15 | FC (T+10): +15.16 | AIC: 1413.0 | Risk: 1.0
[2025-11-30 12:59:55] Model: (0, 1, 2) | Price: $91,048.78 | FC (T+10): -13.29 | AIC: 1413.3 | Risk: 1.0
[2025-11-30 13:29:55] Model: (0, 1, 2) | Price: $91,262.03 | FC (T+10): +18.13 | AIC: 1411.8 | Risk: 1.0
[2025-11-30 13:59:56] Model: (0, 1, 2) | Price: $91,469.51 | FC (T+10): +2.77 | AIC: 1412.7 | Risk: 1.0
[2025-11-30 14:29:56] Model: (0, 1, 2) | Price: $91,851.19 | FC (T+10): -40.15 | AIC: 1411.2 | Risk: 1.0
[2025-11-30 14:59:57] Model: (0, 1, 2) | Price: $91,769.99 | FC (T+10): -62.25 | AIC: 1410.9 | Risk: 1.0
[2025-11-30 15:29:57] Model: (0, 1, 2) | Price: $91,554.19 | FC (T+10): +6.04 | AIC: 1410.2 | Risk: 1.0
[2025-11-30 15:59:58] Model: (0, 1, 2) | Price: $91,499.98 | FC (T+10): -14.37 | AIC: 1410.4 | Risk: 1.0
[2025-11-30 16:29:58] Model: (0, 1, 2) | Price: $91,576.62 | FC (T+10): +62.58 | AIC: 1410.6 | Risk: 1.0
[2025-11-30 16:59:59] Model: (0, 1, 2) | Price: $91,435.31 | FC (T+10): +34.49 | AIC: 1410.4 | Risk: 1.0
[2025-11-30 17:29:59] Model: (0, 1, 2) | Price: $91,754.67 | FC (T+10): +18.40 | AIC: 1406.3 | Risk: 1.0
[2025-11-30 18:00:00] Model: (0, 1, 2) | Price: $91,825.18 | FC (T+10): +8.30 | AIC: 1406.6 | Risk: 1.0
[2025-11-30 18:30:01] Model: (0, 1, 2) | Price: $91,386.27 | FC (T+10): +39.90 | AIC: 1370.9 | Risk: 1.0
[2025-11-30 19:00:02] Model: (0, 1, 2) | Price: $91,488.19 | FC (T+10): +43.03 | AIC: 1366.0 | Risk: 1.0
[2025-11-30 19:30:02] Model: (0, 1, 2) | Price: $91,385.20 | FC (T+10): +80.92 | AIC: 1366.1 | Risk: 1.0
[2025-11-30 20:00:03] Model: (0, 1, 2) | Price: $91,453.49 | FC (T+10): +21.04 | AIC: 1365.8 | Risk: 1.0
[2025-11-30 20:30:04] Model: (0, 1, 2) | Price: $91,338.56 | FC (T+10): +64.31 | AIC: 1366.2 | Risk: 1.0
[2025-11-30 21:00:04] Model: (0, 1, 2) | Price: $91,454.69 | FC (T+10): +18.88 | AIC: 1366.0 | Risk: 1.0
[2025-11-30 21:30:05] Model: (0, 1, 2) | Price: $91,301.80 | FC (T+10): +76.73 | AIC: 1366.3 | Risk: 1.0
[2025-11-30 22:00:05] Model: (0, 1, 2) | Price: $91,309.65 | FC (T+10): +37.54 | AIC: 1365.0 | Risk: 1.0
[2025-11-30 22:30:06] Model: (0, 1, 2) | Price: $91,051.18 | FC (T+10): +127.69 | AIC: 1366.4 | Risk: 1.0
[2025-11-30 23:00:06] Model: (0, 1, 2) | Price: $91,193.98 | FC (T+10): +60.38 | AIC: 1365.0 | Risk: 1.0
[2025-11-30 23:30:07] Model: (0, 1, 2) | Price: $91,191.41 | FC (T+10): +59.56 | AIC: 1365.0 | Risk: 1.0
[2025-12-01 00:00:07] Model: (0, 1, 2) | Price: $91,255.36 | FC (T+10): +22.70 | AIC: 1364.9 | Risk: 1.0
[2025-12-01 00:30:08] Model: (0, 1, 2) | Price: $90,654.14 | FC (T+10): +248.12 | AIC: 1369.0 | Risk: 1.2
[2025-12-01 01:00:08] Model: (0, 1, 2) | Price: $90,303.41 | FC (T+10): +258.89 | AIC: 1372.7 | Risk: 1.4
[2025-12-01 01:30:09] Resonance Shift Detected (AIC Spike). Recalibrating Matrix...
[2025-12-01 01:30:11] New Stable State Found: (1, 1, 2) (AIC: 1396.34)
[2025-12-01 01:30:11] Model: (1, 1, 2) | Price: $88,301.00 | FC (T+10): +868.24 | AIC: 1396.3 | Risk: 1.7
[2025-12-01 02:00:11] Model: (1, 1, 2) | Price: $87,029.30 | FC (T+10): +759.43 | AIC: 1393.4 | Risk: 2.1
[2025-12-01 02:30:12] Model: (1, 1, 2) | Price: $87,235.62 | FC (T+10): +717.40 | AIC: 1393.5 | Risk: 2.5
[2025-12-01 03:00:12] Model: (1, 1, 2) | Price: $87,158.75 | FC (T+10): -146.21 | AIC: 1397.4 | Risk: 2.4
[2025-12-01 03:30:13] Model: (1, 1, 2) | Price: $87,099.93 | FC (T+10): -109.28 | AIC: 1397.6 | Risk: 2.2
[2025-12-01 04:00:13] Model: (1, 1, 2) | Price: $86,706.00 | FC (T+10): -121.09 | AIC: 1395.6 | Risk: 2.1
[2025-12-01 04:30:14] Model: (1, 1, 2) | Price: $86,394.00 | FC (T+10): -61.42 | AIC: 1396.6 | Risk: 2.0
[2025-12-01 05:00:14] Model: (1, 1, 2) | Price: $86,274.82 | FC (T+10): -80.20 | AIC: 1396.2 | Risk: 1.9
[2025-12-01 05:30:15] Model: (1, 1, 2) | Price: $85,711.11 | FC (T+10): -805.56 | AIC: 1400.5 | Risk: 1.5
[2025-12-01 06:00:15] Resonance Shift Detected (AIC Spike). Recalibrating Matrix...
[2025-12-01 06:00:17] New Stable State Found: (0, 1, 2) (AIC: 1421.18)
[2025-12-01 06:00:17] Model: (0, 1, 2) | Price: $85,783.99 | FC (T+10): -1246.81 | AIC: 1421.2 | Risk: 1.2
[2025-12-01 06:30:17] Model: (0, 1, 2) | Price: $85,951.01 | FC (T+10): -1195.29 | AIC: 1416.5 | Risk: 1.0
[2025-12-01 07:00:18] Model: (0, 1, 2) | Price: $85,974.67 | FC (T+10): -649.89 | AIC: 1414.1 | Risk: 0.8
[2025-12-01 07:30:18] Model: (0, 1, 2) | Price: $86,063.89 | FC (T+10): -548.14 | AIC: 1414.2 | Risk: 0.6
[2025-12-01 08:00:19] Model: (0, 1, 2) | Price: $86,258.63 | FC (T+10): -91.49 | AIC: 1415.2 | Risk: 1.0
[2025-12-01 08:30:19] Model: (0, 1, 2) | Price: $86,252.45 | FC (T+10): -38.77 | AIC: 1415.1 | Risk: 1.0
[2025-12-01 09:00:20] Model: (0, 1, 2) | Price: $86,502.00 | FC (T+10): -167.54 | AIC: 1417.5 | Risk: 1.0
[2025-12-01 09:30:20] Model: (0, 1, 2) | Price: $86,640.48 | FC (T+10): -106.68 | AIC: 1416.7 | Risk: 1.0
[2025-12-01 10:00:21] Model: (0, 1, 2) | Price: $86,805.81 | FC (T+10): -338.46 | AIC: 1418.3 | Risk: 0.8
[2025-12-01 10:30:21] Model: (0, 1, 2) | Price: $86,600.52 | FC (T+10): -214.60 | AIC: 1418.4 | Risk: 1.0
[2025-12-01 11:00:22] Model: (0, 1, 2) | Price: $86,732.49 | FC (T+10): -169.80 | AIC: 1417.6 | Risk: 1.0
[2025-12-01 11:30:22] Model: (0, 1, 2) | Price: $86,596.08 | FC (T+10): -134.24 | AIC: 1417.7 | Risk: 1.0
[2025-12-01 12:00:23] Model: (0, 1, 2) | Price: $86,647.73 | FC (T+10): -68.27 | AIC: 1417.4 | Risk: 1.0
